
Current Char: 1
Loaded register: { 0, 0, 0, 0, 0, 0, 0, 0 }
Found stt

Current Char: 2
0
0
0
0
0
0
0
0
0
0
Loaded register: { 0, 0, 0, 0, 0, 0, 0, 0 }
Found set
using 0th variable of { 0 }
operation config: 1
is direct

Current Char: 3
2
0
0
0
0
0
0
0
0
0
Loaded register: { 0, 0, 0, 0, 0, 0, 0, 0 }
using 0th variable of { 2 }

Current Char: 13
2
0
0
0
0
0
0
0
0
0
Loaded register: { 2, 0, 0, 0, 0, 0, 0, 0 }
in add
is direct
Adding u8@7f9d4656200e

Current Char: 4
2
0
0
0
0
0
0
0
0
0
Loaded register: { 4, 0, 0, 0, 0, 0, 0, 0 }
using 0th variable of { 2 }

Current Char: 5
4
0
0
0
0
0
0
0
0
0
Loaded register: { 4, 0, 0, 0, 0, 0, 0, 0 }

Current Char: 0
Loaded register: { 4, 0, 0, 0, 0, 0, 0, 0 }
